


 mean density =  5514.308     surface ellipticity = 1/299.863
 nic =  55   noc = 109   moho = 213   nsl = 219   n = 222



 level   radius       rho        vpv        vph       vsv       vsh      eta       g       1/qm     1/qk      1/ell    etaell

    1        0.0 13088.478  11262.205  11262.205  3667.799  3667.799  1.00000  0.00000  0.01182  0.00075  0.0024102  0.00000
    2    22620.2 13088.366  11262.125  11262.125  3667.743  3667.743  1.00000  0.08275  0.01182  0.00075  0.0024102  0.00000
    3    45240.4 13088.032  11261.884  11261.884  3667.575  3667.575  1.00000  0.16549  0.01182  0.00075  0.0024102  0.00001
    4    67860.6 13087.475  11261.483  11261.483  3667.295  3667.295  1.00000  0.24823  0.01182  0.00075  0.0024103  0.00003
    5    90480.8 13086.695  11260.921  11260.921  3666.902  3666.902  1.00000  0.33096  0.01182  0.00075  0.0024103  0.00005
    6   113101.0 13085.692  11260.199  11260.199  3666.398  3666.398  1.00000  0.41368  0.01182  0.00075  0.0024103  0.00007
    7   135721.2 13084.467  11259.317  11259.317  3665.781  3665.781  1.00000  0.49639  0.01182  0.00075  0.0024104  0.00011
    8   158341.4 13083.018  11258.274  11258.274  3665.052  3665.052  1.00000  0.57908  0.01182  0.00075  0.0024104  0.00014
    9   180961.6 13081.347  11257.071  11257.071  3664.211  3664.211  1.00000  0.66176  0.01182  0.00075  0.0024105  0.00019
   10   203581.8 13079.453  11255.707  11255.707  3663.258  3663.258  1.00000  0.74441  0.01182  0.00075  0.0024105  0.00024
   11   226202.0 13077.336  11254.182  11254.182  3662.193  3662.193  1.00000  0.82704  0.01182  0.00075  0.0024106  0.00029
   12   248822.2 13074.997  11252.498  11252.498  3661.015  3661.015  1.00000  0.90965  0.01182  0.00075  0.0024107  0.00035
   13   271442.4 13072.434  11250.653  11250.653  3659.726  3659.726  1.00000  0.99223  0.01182  0.00075  0.0024107  0.00042
   14   294062.6 13069.649  11248.647  11248.647  3658.324  3658.324  1.00000  1.07478  0.01182  0.00075  0.0024108  0.00049
   15   316682.8 13066.641  11246.481  11246.481  3656.810  3656.810  1.00000  1.15729  0.01182  0.00075  0.0024109  0.00057
   16   339303.0 13063.410  11244.154  11244.154  3655.185  3655.185  1.00000  1.23977  0.01182  0.00075  0.0024110  0.00066
   17   361923.2 13059.956  11241.667  11241.667  3653.447  3653.447  1.00000  1.32221  0.01182  0.00075  0.0024111  0.00075
   18   384543.4 13056.279  11239.020  11239.020  3651.596  3651.596  1.00000  1.40461  0.01182  0.00075  0.0024112  0.00084
   19   407163.6 13052.380  11236.212  11236.212  3649.634  3649.634  1.00000  1.48697  0.01182  0.00075  0.0024114  0.00095
   20   429783.8 13048.257  11233.244  11233.244  3647.560  3647.560  1.00000  1.56929  0.01182  0.00075  0.0024115  0.00106
   21   452404.0 13043.912  11230.115  11230.115  3645.373  3645.373  1.00000  1.65155  0.01182  0.00075  0.0024116  0.00117
   22   475024.2 13039.344  11226.826  11226.826  3643.075  3643.075  1.00000  1.73376  0.01182  0.00075  0.0024118  0.00129
   23   497644.4 13034.554  11223.376  11223.376  3640.664  3640.664  1.00000  1.81592  0.01182  0.00075  0.0024119  0.00142
   24   520264.6 13029.540  11219.766  11219.766  3638.141  3638.141  1.00000  1.89803  0.01182  0.00075  0.0024121  0.00155
   25   542884.8 13024.304  11215.996  11215.996  3635.506  3635.506  1.00000  1.98007  0.01182  0.00075  0.0024123  0.00169
   26   565505.0 13018.844  11212.065  11212.065  3632.759  3632.759  1.00000  2.06206  0.01182  0.00075  0.0024124  0.00183
   27   588125.2 13013.162  11207.973  11207.973  3629.899  3629.899  1.00000  2.14398  0.01182  0.00075  0.0024126  0.00198
   28   610745.4 13007.257  11203.721  11203.721  3626.928  3626.928  1.00000  2.22584  0.01182  0.00075  0.0024128  0.00214
   29   633365.6 13001.130  11199.309  11199.309  3623.844  3623.844  1.00000  2.30763  0.01182  0.00075  0.0024130  0.00230
   30   655985.8 12994.779  11194.736  11194.736  3620.648  3620.648  1.00000  2.38934  0.01182  0.00075  0.0024132  0.00247
   31   678606.0 12988.206  11190.003  11190.003  3617.341  3617.341  1.00000  2.47098  0.01182  0.00075  0.0024134  0.00264
   32   701226.2 12981.409  11185.109  11185.109  3613.921  3613.921  1.00000  2.55255  0.01182  0.00075  0.0024136  0.00282
   33   723846.4 12974.390  11180.055  11180.055  3610.389  3610.389  1.00000  2.63404  0.01182  0.00075  0.0024138  0.00301
   34   746466.6 12967.149  11174.840  11174.840  3606.744  3606.744  1.00000  2.71545  0.01182  0.00075  0.0024141  0.00320
   35   769086.7 12959.684  11169.465  11169.465  3602.988  3602.988  1.00000  2.79677  0.01182  0.00075  0.0024143  0.00340
   36   791706.9 12951.996  11163.930  11163.930  3599.119  3599.119  1.00000  2.87801  0.01182  0.00075  0.0024146  0.00360
   37   814327.1 12944.086  11158.234  11158.234  3595.139  3595.139  1.00000  2.95916  0.01182  0.00075  0.0024148  0.00381
   38   836947.3 12935.953  11152.377  11152.377  3591.046  3591.046  1.00000  3.04021  0.01182  0.00075  0.0024151  0.00403
   39   859567.5 12927.597  11146.361  11146.361  3586.841  3586.841  1.00000  3.12118  0.01182  0.00075  0.0024153  0.00425
   40   882187.7 12919.018  11140.183  11140.183  3582.524  3582.524  1.00000  3.20204  0.01182  0.00075  0.0024156  0.00448
   41   904807.9 12910.216  11133.846  11133.846  3578.095  3578.095  1.00000  3.28281  0.01182  0.00075  0.0024159  0.00471
   42   927428.1 12901.192  11127.347  11127.347  3573.554  3573.554  1.00000  3.36348  0.01182  0.00075  0.0024162  0.00496
   43   950048.3 12891.945  11120.689  11120.689  3568.900  3568.900  1.00000  3.44404  0.01182  0.00075  0.0024165  0.00520
   44   972668.5 12882.475  11113.870  11113.870  3564.135  3564.135  1.00000  3.52450  0.01182  0.00075  0.0024168  0.00546
   45   995288.7 12872.782  11106.890  11106.890  3559.257  3559.257  1.00000  3.60485  0.01182  0.00075  0.0024171  0.00572
   46  1017908.9 12862.866  11099.750  11099.750  3554.267  3554.267  1.00000  3.68508  0.01182  0.00075  0.0024174  0.00598
   47  1040529.1 12852.727  11092.450  11092.450  3549.165  3549.165  1.00000  3.76520  0.01182  0.00075  0.0024177  0.00625
   48  1063149.3 12842.366  11084.989  11084.989  3543.951  3543.951  1.00000  3.84521  0.01182  0.00075  0.0024181  0.00653
1
 level   radius       rho        vpv        vph       vsv       vsh      eta       g       1/qm     1/qk      1/ell    etaell

   49  1085769.5 12831.782  11077.368  11077.368  3538.625  3538.625  1.00000  3.92509  0.01182  0.00075  0.0024184  0.00682
   50  1108389.7 12820.974  11069.586  11069.586  3533.187  3533.187  1.00000  4.00486  0.01182  0.00075  0.0024188  0.00711
   51  1131009.9 12809.945  11061.644  11061.644  3527.636  3527.636  1.00000  4.08450  0.01182  0.00075  0.0024191  0.00741
   52  1153630.1 12798.692  11053.541  11053.541  3521.974  3521.974  1.00000  4.16401  0.01182  0.00075  0.0024195  0.00771
   53  1176250.3 12787.216  11045.278  11045.278  3516.199  3516.199  1.00000  4.24340  0.01182  0.00075  0.0024198  0.00802
   54  1198870.5 12775.518  11036.854  11036.854  3510.312  3510.312  1.00000  4.32265  0.01182  0.00075  0.0024202  0.00834
   55  1221490.7 12763.597  11028.270  11028.270  3504.313  3504.313  1.00000  4.40176  0.01182  0.00075  0.0024206  0.00866
 ------------------------------------------------------------------------------------------------------------------------------------
   56  1221490.7 12166.346  10355.686  10355.686     0.000     0.000  1.00000  4.40176  0.00000  0.00002  0.0024206  0.00866
   57  1264103.3 12144.166  10330.856  10330.856     0.000     0.000  1.00000  4.52982  0.00000  0.00002  0.0024217  0.01774
   58  1306715.9 12121.366  10305.734  10305.734     0.000     0.000  1.00000  4.65871  0.00000  0.00002  0.0024234  0.02460
   59  1349328.5 12097.935  10280.293  10280.293     0.000     0.000  1.00000  4.78825  0.00000  0.00002  0.0024255  0.02978
   60  1391941.1 12073.864  10254.511  10254.511     0.000     0.000  1.00000  4.91830  0.00000  0.00002  0.0024279  0.03367
   61  1434553.6 12049.143  10228.362  10228.362     0.000     0.000  1.00000  5.04872  0.00000  0.00002  0.0024305  0.03657
   62  1477166.2 12023.762  10201.822  10201.822     0.000     0.000  1.00000  5.17940  0.00000  0.00002  0.0024332  0.03873
   63  1519778.8 11997.712  10174.868  10174.868     0.000     0.000  1.00000  5.31023  0.00000  0.00002  0.0024359  0.04032
   64  1562391.4 11970.981  10147.474  10147.474     0.000     0.000  1.00000  5.44114  0.00000  0.00002  0.0024387  0.04148
   65  1605004.0 11943.560  10119.616  10119.616     0.000     0.000  1.00000  5.57203  0.00000  0.00002  0.0024415  0.04233
   66  1647616.6 11915.440  10091.270  10091.270     0.000     0.000  1.00000  5.70284  0.00000  0.00002  0.0024442  0.04295
   67  1690229.2 11886.610  10062.412  10062.412     0.000     0.000  1.00000  5.83349  0.00000  0.00002  0.0024469  0.04340
   68  1732841.7 11857.060  10033.017  10033.017     0.000     0.000  1.00000  5.96394  0.00000  0.00002  0.0024495  0.04374
   69  1775454.3 11826.781  10003.060  10003.060     0.000     0.000  1.00000  6.09412  0.00000  0.00002  0.0024522  0.04400
   70  1818066.9 11795.763   9972.518   9972.518     0.000     0.000  1.00000  6.22399  0.00000  0.00002  0.0024547  0.04422
   71  1860679.5 11763.995   9941.366   9941.366     0.000     0.000  1.00000  6.35349  0.00000  0.00002  0.0024572  0.04442
   72  1903292.1 11731.468   9909.579   9909.579     0.000     0.000  1.00000  6.48259  0.00000  0.00002  0.0024597  0.04461
   73  1945904.7 11698.171   9877.134   9877.134     0.000     0.000  1.00000  6.61124  0.00000  0.00002  0.0024622  0.04482
   74  1988517.3 11664.096   9844.006   9844.006     0.000     0.000  1.00000  6.73940  0.00000  0.00002  0.0024646  0.04506
   75  2031129.8 11629.231   9810.170   9810.170     0.000     0.000  1.00000  6.86704  0.00000  0.00002  0.0024669  0.04532
   76  2073742.4 11593.568   9775.602   9775.602     0.000     0.000  1.00000  6.99412  0.00000  0.00002  0.0024692  0.04563
   77  2116355.0 11557.095   9740.279   9740.279     0.000     0.000  1.00000  7.12061  0.00000  0.00002  0.0024715  0.04599
   78  2158967.6 11519.804   9704.174   9704.174     0.000     0.000  1.00000  7.24647  0.00000  0.00002  0.0024738  0.04639
   79  2201580.2 11481.684   9667.265   9667.265     0.000     0.000  1.00000  7.37168  0.00000  0.00002  0.0024761  0.04685
   80  2244192.8 11442.725   9629.526   9629.526     0.000     0.000  1.00000  7.49620  0.00000  0.00002  0.0024783  0.04736
   81  2286805.4 11402.918   9590.934   9590.934     0.000     0.000  1.00000  7.62000  0.00000  0.00002  0.0024805  0.04793
   82  2329417.9 11362.252   9551.463   9551.463     0.000     0.000  1.00000  7.74305  0.00000  0.00002  0.0024827  0.04855
   83  2372030.5 11320.718   9511.090   9511.090     0.000     0.000  1.00000  7.86533  0.00000  0.00002  0.0024849  0.04924
   84  2414643.1 11278.305   9469.791   9469.791     0.000     0.000  1.00000  7.98681  0.00000  0.00002  0.0024871  0.04998
   85  2457255.7 11235.004   9427.540   9427.540     0.000     0.000  1.00000  8.10746  0.00000  0.00002  0.0024893  0.05078
   86  2499868.3 11190.805   9384.314   9384.314     0.000     0.000  1.00000  8.22726  0.00000  0.00002  0.0024915  0.05164
   87  2542480.9 11145.697   9340.088   9340.088     0.000     0.000  1.00000  8.34617  0.00000  0.00002  0.0024937  0.05257
   88  2585093.5 11099.672   9294.837   9294.837     0.000     0.000  1.00000  8.46417  0.00000  0.00002  0.0024959  0.05355
   89  2627706.0 11052.718   9248.538   9248.538     0.000     0.000  1.00000  8.58123  0.00000  0.00002  0.0024981  0.05459
   90  2670318.6 11004.827   9201.166   9201.166     0.000     0.000  1.00000  8.69733  0.00000  0.00002  0.0025003  0.05569
   91  2712931.2 10955.988   9152.697   9152.697     0.000     0.000  1.00000  8.81245  0.00000  0.00002  0.0025026  0.05686
   92  2755543.8 10906.191   9103.106   9103.106     0.000     0.000  1.00000  8.92655  0.00000  0.00002  0.0025048  0.05808
   93  2798156.4 10855.426   9052.368   9052.368     0.000     0.000  1.00000  9.03960  0.00000  0.00002  0.0025071  0.05937
   94  2840769.0 10803.684   9000.461   9000.461     0.000     0.000  1.00000  9.15160  0.00000  0.00002  0.0025094  0.06072
   95  2883381.6 10750.954   8947.358   8947.358     0.000     0.000  1.00000  9.26250  0.00000  0.00002  0.0025116  0.06212
   96  2925994.1 10697.227   8893.036   8893.036     0.000     0.000  1.00000  9.37229  0.00000  0.00002  0.0025140  0.06359
   97  2968606.7 10642.492   8837.471   8837.471     0.000     0.000  1.00000  9.48093  0.00000  0.00002  0.0025163  0.06513
   98  3011219.3 10586.740   8780.638   8780.638     0.000     0.000  1.00000  9.58840  0.00000  0.00002  0.0025187  0.06672
   99  3053831.9 10529.960   8722.512   8722.512     0.000     0.000  1.00000  9.69468  0.00000  0.00002  0.0025211  0.06838
  100  3096444.5 10472.144   8663.070   8663.070     0.000     0.000  1.00000  9.79973  0.00000  0.00002  0.0025235  0.07010
  101  3139057.1 10413.280   8602.287   8602.287     0.000     0.000  1.00000  9.90354  0.00000  0.00002  0.0025259  0.07189
  102  3181669.7 10353.360   8540.138   8540.138     0.000     0.000  1.00000 10.00608  0.00000  0.00002  0.0025284  0.07374
  103  3224282.2 10292.372   8476.600   8476.600     0.000     0.000  1.00000 10.10732  0.00000  0.00002  0.0025309  0.07565
1
 level   radius       rho        vpv        vph       vsv       vsh      eta       g       1/qm     1/qk      1/ell    etaell

  104  3266894.8 10230.308   8411.647   8411.647     0.000     0.000  1.00000 10.20723  0.00000  0.00002  0.0025335  0.07763
  105  3309507.4 10167.156   8345.256   8345.256     0.000     0.000  1.00000 10.30579  0.00000  0.00002  0.0025361  0.07968
  106  3352120.0 10102.908   8277.402   8277.402     0.000     0.000  1.00000 10.40297  0.00000  0.00002  0.0025387  0.08180
  107  3394732.6 10037.554   8208.061   8208.061     0.000     0.000  1.00000 10.49874  0.00000  0.00002  0.0025413  0.08399
  108  3437345.2  9971.083   8137.208   8137.208     0.000     0.000  1.00000 10.59308  0.00000  0.00002  0.0025440  0.08625
  109  3479957.8  9903.485   8064.819   8064.819     0.000     0.000  1.00000 10.68596  0.00000  0.00002  0.0025468  0.08858
 ------------------------------------------------------------------------------------------------------------------------------------
  110  3479957.8  5566.452  13716.598  13716.598  7264.655  7264.655  1.00000 10.68596  0.00321  0.00002  0.0025468  0.08858
  111  3517468.3  5547.661  13707.418  13707.418  7265.032  7265.032  1.00000 10.63218  0.00321  0.00002  0.0025496  0.11772
  112  3554978.9  5528.900  13698.328  13698.328  7265.377  7265.377  1.00000 10.58135  0.00321  0.00002  0.0025532  0.14541
  113  3592489.4  5510.164  13689.325  13689.325  7265.691  7265.691  1.00000 10.53332  0.00321  0.00002  0.0025574  0.17168
  114  3630000.0  5491.451  13680.406  13680.406  7265.975  7265.975  1.00000 10.48798  0.00321  0.00002  0.0025623  0.19658
 ------------------------------------------------------------------------------------------------------------------------------------
  115  3630000.0  5491.451  13680.407  13680.407  7265.974  7265.974  1.00000 10.48798  0.00321  0.00002  0.0025623  0.19658
  116  3662833.3  5475.086  13640.636  13640.636  7250.947  7250.947  1.00000 10.45040  0.00321  0.00002  0.0025671  0.21727
  117  3695666.7  5458.732  13601.160  13601.160  7235.997  7235.997  1.00000 10.41471  0.00321  0.00002  0.0025723  0.23698
  118  3728500.0  5442.388  13561.955  13561.955  7221.117  7221.117  1.00000 10.38082  0.00321  0.00002  0.0025779  0.25571
  119  3761333.3  5426.049  13523.000  13523.000  7206.298  7206.298  1.00000 10.34868  0.00321  0.00002  0.0025839  0.27352
  120  3794166.7  5409.715  13484.274  13484.274  7191.534  7191.534  1.00000 10.31821  0.00321  0.00002  0.0025902  0.29041
  121  3827000.0  5393.381  13445.753  13445.753  7176.817  7176.817  1.00000 10.28935  0.00321  0.00002  0.0025969  0.30644
  122  3859833.3  5377.047  13407.418  13407.418  7162.140  7162.140  1.00000 10.26204  0.00321  0.00002  0.0026039  0.32161
  123  3892666.7  5360.709  13369.245  13369.245  7147.493  7147.493  1.00000 10.23622  0.00321  0.00002  0.0026112  0.33598
  124  3925500.0  5344.364  13331.212  13331.212  7132.871  7132.871  1.00000 10.21182  0.00321  0.00002  0.0026187  0.34956
  125  3958333.3  5328.011  13293.299  13293.299  7118.265  7118.265  1.00000 10.18881  0.00321  0.00002  0.0026265  0.36238
  126  3991166.7  5311.646  13255.482  13255.482  7103.668  7103.668  1.00000 10.16711  0.00321  0.00002  0.0026345  0.37449
  127  4024000.0  5295.267  13217.740  13217.740  7089.072  7089.072  1.00000 10.14669  0.00321  0.00002  0.0026427  0.38589
  128  4056833.3  5278.872  13180.052  13180.052  7074.470  7074.470  1.00000 10.12748  0.00321  0.00002  0.0026511  0.39663
  129  4089666.7  5262.458  13142.395  13142.395  7059.853  7059.853  1.00000 10.10946  0.00321  0.00002  0.0026597  0.40673
  130  4122500.0  5246.022  13104.747  13104.747  7045.215  7045.215  1.00000 10.09257  0.00321  0.00002  0.0026685  0.41622
  131  4155333.3  5229.563  13067.087  13067.087  7030.548  7030.548  1.00000 10.07676  0.00321  0.00002  0.0026774  0.42512
  132  4188166.7  5213.077  13029.392  13029.392  7015.843  7015.843  1.00000 10.06200  0.00321  0.00002  0.0026865  0.43346
  133  4221000.0  5196.562  12991.641  12991.641  7001.094  7001.094  1.00000 10.04825  0.00321  0.00002  0.0026957  0.44127
  134  4253833.3  5180.015  12953.813  12953.813  6986.292  6986.292  1.00000 10.03547  0.00321  0.00002  0.0027050  0.44857
  135  4286666.7  5163.434  12915.884  12915.884  6971.431  6971.431  1.00000 10.02361  0.00321  0.00002  0.0027144  0.45538
  136  4319500.0  5146.817  12877.833  12877.833  6956.503  6956.503  1.00000 10.01265  0.00321  0.00002  0.0027239  0.46173
  137  4352333.3  5130.160  12839.639  12839.639  6941.499  6941.499  1.00000 10.00255  0.00321  0.00002  0.0027335  0.46764
  138  4385166.7  5113.461  12801.279  12801.279  6926.413  6926.413  1.00000  9.99327  0.00321  0.00002  0.0027432  0.47313
  139  4418000.0  5096.719  12762.731  12762.731  6911.236  6911.236  1.00000  9.98479  0.00321  0.00002  0.0027529  0.47823
  140  4450833.3  5079.929  12723.974  12723.974  6895.961  6895.961  1.00000  9.97707  0.00321  0.00002  0.0027627  0.48294
  141  4483666.7  5063.090  12684.986  12684.986  6880.581  6880.581  1.00000  9.97007  0.00321  0.00002  0.0027726  0.48729
  142  4516500.0  5046.200  12645.745  12645.745  6865.088  6865.088  1.00000  9.96379  0.00321  0.00002  0.0027825  0.49131
  143  4549333.3  5029.255  12606.228  12606.228  6849.474  6849.474  1.00000  9.95817  0.00321  0.00002  0.0027925  0.49500
  144  4582166.7  5012.253  12566.415  12566.415  6833.731  6833.731  1.00000  9.95321  0.00321  0.00002  0.0028025  0.49838
  145  4615000.0  4995.191  12526.283  12526.283  6817.853  6817.853  1.00000  9.94886  0.00321  0.00002  0.0028125  0.50148
  146  4647833.3  4978.068  12485.810  12485.810  6801.831  6801.831  1.00000  9.94510  0.00321  0.00002  0.0028225  0.50430
  147  4680666.7  4960.880  12444.975  12444.975  6785.657  6785.657  1.00000  9.94192  0.00321  0.00002  0.0028326  0.50687
  148  4713500.0  4943.625  12403.756  12403.756  6769.325  6769.325  1.00000  9.93928  0.00321  0.00002  0.0028427  0.50919
  149  4746333.3  4926.301  12362.130  12362.130  6752.826  6752.826  1.00000  9.93717  0.00321  0.00002  0.0028528  0.51129
  150  4779166.7  4908.904  12320.076  12320.076  6736.154  6736.154  1.00000  9.93555  0.00321  0.00002  0.0028629  0.51316
  151  4812000.0  4891.433  12277.572  12277.572  6719.299  6719.299  1.00000  9.93441  0.00321  0.00002  0.0028730  0.51484
  152  4844833.3  4873.885  12234.595  12234.595  6702.255  6702.255  1.00000  9.93372  0.00321  0.00002  0.0028830  0.51632
  153  4877666.7  4856.257  12191.126  12191.126  6685.014  6685.014  1.00000  9.93347  0.00321  0.00002  0.0028931  0.51763
  154  4910500.0  4838.547  12147.140  12147.140  6667.569  6667.569  1.00000  9.93363  0.00321  0.00002  0.0029032  0.51876
  155  4943333.3  4820.752  12102.617  12102.617  6649.911  6649.911  1.00000  9.93419  0.00321  0.00002  0.0029133  0.51974
  156  4976166.7  4802.870  12057.534  12057.534  6632.033  6632.033  1.00000  9.93512  0.00321  0.00002  0.0029233  0.52057
  157  5009000.0  4784.898  12011.870  12011.870  6613.928  6613.928  1.00000  9.93641  0.00321  0.00002  0.0029334  0.52127
1
 level   radius       rho        vpv        vph       vsv       vsh      eta       g       1/qm     1/qk      1/ell    etaell

  158  5041833.3  4766.834  11965.603  11965.603  6595.588  6595.588  1.00000  9.93804  0.00321  0.00002  0.0029434  0.52184
  159  5074666.7  4748.675  11918.711  11918.711  6577.006  6577.006  1.00000  9.93999  0.00321  0.00002  0.0029534  0.52229
  160  5107500.0  4730.418  11871.172  11871.172  6558.173  6558.173  1.00000  9.94225  0.00321  0.00002  0.0029633  0.52263
  161  5140333.3  4712.062  11822.964  11822.964  6539.082  6539.082  1.00000  9.94479  0.00321  0.00002  0.0029733  0.52286
  162  5173166.7  4693.603  11774.065  11774.065  6519.725  6519.725  1.00000  9.94760  0.00321  0.00002  0.0029832  0.52301
  163  5206000.0  4675.039  11724.454  11724.454  6500.095  6500.095  1.00000  9.95067  0.00321  0.00002  0.0029931  0.52306
  164  5238833.3  4656.368  11674.108  11674.108  6480.185  6480.185  1.00000  9.95397  0.00321  0.00002  0.0030029  0.52304
  165  5271666.7  4637.587  11623.006  11623.006  6459.986  6459.986  1.00000  9.95750  0.00321  0.00002  0.0030128  0.52294
  166  5304500.0  4618.693  11571.125  11571.125  6439.491  6439.491  1.00000  9.96124  0.00321  0.00002  0.0030226  0.52278
  167  5337333.3  4599.684  11518.445  11518.445  6418.693  6418.693  1.00000  9.96517  0.00321  0.00002  0.0030323  0.52256
  168  5370166.7  4580.557  11464.942  11464.942  6397.583  6397.583  1.00000  9.96928  0.00321  0.00002  0.0030421  0.52228
  169  5403000.0  4561.311  11410.596  11410.596  6376.154  6376.154  1.00000  9.97355  0.00321  0.00002  0.0030517  0.52196
  170  5435833.3  4541.941  11355.383  11355.383  6354.399  6354.399  1.00000  9.97798  0.00321  0.00002  0.0030614  0.52159
  171  5468666.7  4522.447  11299.284  11299.284  6332.310  6332.310  1.00000  9.98255  0.00321  0.00002  0.0030710  0.52119
  172  5501500.0  4502.824  11242.274  11242.274  6309.879  6309.879  1.00000  9.98724  0.00321  0.00002  0.0030806  0.52075
  173  5534333.3  4483.071  11184.333  11184.333  6287.099  6287.099  1.00000  9.99205  0.00321  0.00002  0.0030902  0.52028
  174  5567166.7  4463.186  11125.439  11125.439  6263.961  6263.961  1.00000  9.99696  0.00321  0.00002  0.0030997  0.51979
  175  5600000.0  4443.165  11065.570  11065.570  6240.459  6240.459  1.00000 10.00195  0.00321  0.00002  0.0031092  0.51928
 ------------------------------------------------------------------------------------------------------------------------------------
  176  5600000.0  4443.165  11065.561  11065.561  6240.459  6240.459  1.00000 10.00195  0.00321  0.00002  0.0031092  0.51928
  177  5625250.0  4427.675  10987.049  10987.049  6166.582  6166.582  1.00000 10.00584  0.00321  0.00002  0.0031165  0.51888
  178  5650500.0  4412.102  10908.499  10908.499  6092.721  6092.721  1.00000 10.00978  0.00321  0.00002  0.0031237  0.51847
  179  5675750.0  4396.445  10829.908  10829.908  6018.876  6018.876  1.00000 10.01374  0.00321  0.00002  0.0031309  0.51806
  180  5701000.0  4380.703  10751.277  10751.277  5945.047  5945.047  1.00000 10.01774  0.00321  0.00002  0.0031381  0.51764
 ------------------------------------------------------------------------------------------------------------------------------------
  181  5701000.0  3992.137  10266.235  10266.235  5570.208  5570.208  1.00000 10.01774  0.00699  0.00002  0.0031381  0.51764
  182  5724333.3  3986.704  10230.097  10230.097  5552.144  5552.144  1.00000 10.01397  0.00699  0.00002  0.0031448  0.51950
  183  5747666.7  3981.270  10193.960  10193.960  5534.079  5534.079  1.00000 10.01045  0.00699  0.00002  0.0031515  0.52125
  184  5771000.0  3975.837  10157.822  10157.822  5516.015  5516.015  1.00000 10.00719  0.00699  0.00002  0.0031581  0.52289
 ------------------------------------------------------------------------------------------------------------------------------------
  185  5771000.0  3975.838  10157.829  10157.829  5516.003  5516.003  1.00000 10.00719  0.00699  0.00002  0.0031581  0.52289
  186  5796000.0  3944.329  10029.841  10029.841  5443.073  5443.073  1.00000 10.00370  0.00699  0.00002  0.0031653  0.52462
  187  5821000.0  3912.820   9901.852   9901.852  5370.143  5370.143  1.00000  9.99995  0.00699  0.00002  0.0031725  0.52640
  188  5846000.0  3881.311   9773.864   9773.864  5297.212  5297.212  1.00000  9.99595  0.00699  0.00002  0.0031796  0.52822
  189  5871000.0  3849.801   9645.876   9645.876  5224.282  5224.282  1.00000  9.99168  0.00699  0.00002  0.0031868  0.53009
  190  5896000.0  3818.292   9517.887   9517.887  5151.352  5151.352  1.00000  9.98716  0.00699  0.00002  0.0031940  0.53201
  191  5921000.0  3786.783   9389.899   9389.899  5078.422  5078.422  1.00000  9.98237  0.00699  0.00002  0.0032012  0.53398
  192  5946000.0  3755.273   9261.911   9261.911  5005.491  5005.491  1.00000  9.97732  0.00699  0.00002  0.0032085  0.53599
  193  5971000.0  3723.764   9133.922   9133.922  4932.561  4932.561  1.00000  9.97200  0.00699  0.00002  0.0032157  0.53805
 ------------------------------------------------------------------------------------------------------------------------------------
  194  5971000.0  3543.258   8905.239   8905.239  4769.899  4769.899  1.00000  9.97200  0.00699  0.00002  0.0032157  0.53805
  195  5993500.0  3529.822   8861.953   8861.953  4754.150  4754.150  1.00000  9.96374  0.00699  0.00002  0.0032222  0.54094
  196  6016000.0  3516.386   8818.666   8818.666  4738.399  4738.399  1.00000  9.95557  0.00699  0.00002  0.0032288  0.54377
  197  6038500.0  3502.950   8775.379   8775.379  4722.649  4722.649  1.00000  9.94748  0.00699  0.00002  0.0032354  0.54653
  198  6061000.0  3489.514   8732.092   8732.092  4706.899  4706.899  1.00000  9.93948  0.00699  0.00002  0.0032420  0.54923
  199  6083500.0  3476.078   8688.806   8688.806  4691.149  4691.149  1.00000  9.93155  0.00699  0.00002  0.0032486  0.55187
  200  6106000.0  3462.642   8645.519   8645.519  4675.400  4675.400  1.00000  9.92370  0.00699  0.00002  0.0032552  0.55446
  201  6128500.0  3449.206   8602.232   8602.232  4659.649  4659.649  1.00000  9.91593  0.00699  0.00002  0.0032619  0.55698
  202  6151000.0  3435.770   8558.946   8558.946  4643.899  4643.899  1.00000  9.90822  0.00699  0.00002  0.0032686  0.55946
 ------------------------------------------------------------------------------------------------------------------------------------
  203  6151000.0  3359.495   7800.490   8048.610  4441.102  4436.279  0.97654  9.90822  0.01250  0.00002  0.0032686  0.55946
  204  6174333.3  3362.031   7826.925   8065.520  4435.726  4457.220  0.96747  9.89898  0.01250  0.00002  0.0032755  0.56238
  205  6197666.7  3364.567   7853.361   8082.430  4430.350  4478.160  0.95839  9.89014  0.01250  0.00002  0.0032825  0.56514
  206  6221000.0  3367.103   7879.796   8099.340  4424.974  4499.101  0.94932  9.88169  0.01250  0.00002  0.0032895  0.56774
  207  6244333.3  3369.639   7906.231   8116.251  4419.598  4520.041  0.94025  9.87363  0.01250  0.00002  0.0032965  0.57019
  208  6267666.7  3372.175   7932.667   8133.161  4414.223  4540.981  0.93117  9.86595  0.01250  0.00002  0.0033035  0.57248
1
 level   radius       rho        vpv        vph       vsv       vsh      eta       g       1/qm     1/qk      1/ell    etaell

  209  6291000.0  3374.711   7959.102   8150.071  4408.847  4561.922  0.92210  9.85866  0.01250  0.00002  0.0033106  0.57462
 ------------------------------------------------------------------------------------------------------------------------------------
  210  6291000.0  3374.711   7959.102   8150.071  4408.847  4561.922  0.92210  9.85866  0.00167  0.00002  0.0033106  0.57462
  211  6309543.0  3376.726   7980.110   8163.510  4404.575  4578.563  0.91488  9.85313  0.00167  0.00002  0.0033162  0.57622
  212  6328085.9  3378.741   8001.119   8176.948  4400.303  4595.204  0.90767  9.84783  0.00167  0.00002  0.0033218  0.57773
  213  6346628.9  3380.757   8022.127   8190.387  4396.030  4611.846  0.90046  9.84276  0.00167  0.00002  0.0033274  0.57915
 ------------------------------------------------------------------------------------------------------------------------------------
  214  6346628.9  2900.000   6800.000   6800.000  3900.000  3900.000  1.00000  9.84276  0.00167  0.00002  0.0033274  0.57915
  215  6351314.5  2900.000   6800.000   6800.000  3900.000  3900.000  1.00000  9.83963  0.00167  0.00002  0.0033289  0.58010
  216  6356000.0  2900.000   6800.000   6800.000  3900.000  3900.000  1.00000  9.83651  0.00167  0.00002  0.0033303  0.58105
 ------------------------------------------------------------------------------------------------------------------------------------
  217  6356000.0  2600.000   5800.000   5800.000  3200.000  3200.000  1.00000  9.83651  0.00167  0.00002  0.0033303  0.58105
  218  6362000.0  2600.000   5800.000   5800.000  3200.000  3200.000  1.00000  9.83104  0.00167  0.00002  0.0033321  0.58273
  219  6368000.0  2600.000   5800.000   5800.000  3200.000  3200.000  1.00000  9.82559  0.00167  0.00002  0.0033339  0.58440
 ------------------------------------------------------------------------------------------------------------------------------------
  220  6368000.0  1020.000   1450.000   1450.000     0.000     0.000  1.00000  9.82559  0.00000  0.00002  0.0033339  0.58440
  221  6369500.0  1020.000   1450.000   1450.000     0.000     0.000  1.00000  9.82224  0.00000  0.00002  0.0033344  0.58545
  222  6371000.0  1020.000   1450.000   1450.000     0.000     0.000  1.00000  9.81890  0.00000  0.00002  0.0033349  0.58651
